<?xml version="1.0" encoding="UTF-8"?>
<testng-results ignored="0" total="1" passed="1" failed="0" skipped="0">
  <reporter-output>
  </reporter-output>
  <suite started-at="2024-02-06T15:26:23 IST" name="Default suite" finished-at="2024-02-06T15:26:44 IST" duration-ms="20434">
    <groups>
    </groups>
    <test started-at="2024-02-06T15:26:23 IST" name="Default test" finished-at="2024-02-06T15:26:44 IST" duration-ms="20434">
      <class name="package1.Tc20">
        <test-method signature="yourcartRemoveBtn()[pri:0, instance:package1.Tc20@563f38c4]" started-at="2024-02-06T15:26:24 IST" name="yourcartRemoveBtn" finished-at="2024-02-06T15:26:44 IST" duration-ms="20323" status="PASS">
          <reporter-output>
          </reporter-output>
        </test-method> <!-- yourcartRemoveBtn -->
      </class> <!-- package1.Tc20 -->
    </test> <!-- Default test -->
  </suite> <!-- Default suite -->
</testng-results>
